/*C79*/SET SCHEMA PUBLIC
CONNECT USER SA
DISCONNECT
/*C80*/SET SCHEMA PUBLIC
CONNECT USER SA
DISCONNECT
/*C81*/SET SCHEMA PUBLIC
CONNECT USER SA
DISCONNECT
/*C82*/SET SCHEMA PUBLIC
CONNECT USER SA
DISCONNECT
/*C83*/SET SCHEMA PUBLIC
CONNECT USER SA
DISCONNECT
/*C84*/SET SCHEMA PUBLIC
CONNECT USER SA
DISCONNECT
/*C85*/SET SCHEMA PUBLIC
CONNECT USER SA
DISCONNECT
/*C86*/SET SCHEMA PUBLIC
CONNECT USER SA
DISCONNECT
/*C87*/SET SCHEMA PUBLIC
CONNECT USER SA
DISCONNECT
/*C88*/SET SCHEMA PUBLIC
CONNECT USER SA
DISCONNECT
/*C89*/SET SCHEMA PUBLIC
CONNECT USER SA
DISCONNECT
/*C90*/SET SCHEMA PUBLIC
CONNECT USER SA
DISCONNECT
/*C91*/SET SCHEMA PUBLIC
CONNECT USER SA
DISCONNECT
/*C92*/SET SCHEMA PUBLIC
CONNECT USER SA
DISCONNECT
/*C93*/SET SCHEMA PUBLIC
CONNECT USER SA
DISCONNECT
/*C94*/SET SCHEMA PUBLIC
CONNECT USER SA
DISCONNECT
/*C95*/SET SCHEMA PUBLIC
CONNECT USER SA
DISCONNECT
/*C96*/SET SCHEMA PUBLIC
CONNECT USER SA
DISCONNECT
/*C97*/SET SCHEMA PUBLIC
CONNECT USER SA
DISCONNECT
/*C98*/SET SCHEMA PUBLIC
CONNECT USER SA
DISCONNECT
/*C99*/SET SCHEMA PUBLIC
CONNECT USER SA
DISCONNECT
/*C100*/SET SCHEMA PUBLIC
CONNECT USER SA
DISCONNECT
/*C101*/SET SCHEMA PUBLIC
CONNECT USER SA
DISCONNECT
/*C102*/SET SCHEMA PUBLIC
CONNECT USER SA
DISCONNECT
/*C103*/SET SCHEMA PUBLIC
CONNECT USER SA
DISCONNECT
/*C104*/SET SCHEMA PUBLIC
CONNECT USER SA
DISCONNECT
/*C105*/SET SCHEMA PUBLIC
CONNECT USER SA
DISCONNECT
/*C106*/SET SCHEMA PUBLIC
CONNECT USER SA
DISCONNECT
/*C107*/SET SCHEMA PUBLIC
CONNECT USER SA
DISCONNECT
/*C108*/SET SCHEMA PUBLIC
CONNECT USER SA
DISCONNECT
/*C109*/SET SCHEMA PUBLIC
CONNECT USER SA
DISCONNECT
/*C110*/SET SCHEMA PUBLIC
CONNECT USER SA
DISCONNECT
/*C111*/SET SCHEMA PUBLIC
CONNECT USER SA
DISCONNECT
/*C112*/SET SCHEMA PUBLIC
CONNECT USER SA
DISCONNECT
/*C113*/SET SCHEMA PUBLIC
CONNECT USER SA
DISCONNECT
/*C114*/SET SCHEMA PUBLIC
CONNECT USER SA
DISCONNECT
/*C115*/SET SCHEMA PUBLIC
CONNECT USER SA
DISCONNECT
/*C116*/SET SCHEMA PUBLIC
CONNECT USER SA
DISCONNECT
/*C117*/SET SCHEMA PUBLIC
CONNECT USER SA
DISCONNECT
/*C118*/SET SCHEMA PUBLIC
CONNECT USER SA
DISCONNECT
/*C119*/SET SCHEMA PUBLIC
CONNECT USER SA
DISCONNECT
/*C120*/SET SCHEMA PUBLIC
CONNECT USER SA
DISCONNECT
/*C121*/SET SCHEMA PUBLIC
CONNECT USER SA
DISCONNECT
/*C122*/SET SCHEMA PUBLIC
CONNECT USER SA
DISCONNECT
/*C123*/SET SCHEMA PUBLIC
CONNECT USER SA
DISCONNECT
/*C124*/SET SCHEMA PUBLIC
CONNECT USER SA
DISCONNECT
/*C125*/SET SCHEMA PUBLIC
CONNECT USER SA
DISCONNECT
/*C126*/SET SCHEMA PUBLIC
CONNECT USER SA
DISCONNECT
/*C127*/SET SCHEMA PUBLIC
CONNECT USER SA
DISCONNECT
/*C128*/SET SCHEMA PUBLIC
CONNECT USER SA
DISCONNECT
/*C129*/SET SCHEMA PUBLIC
CONNECT USER SA
DISCONNECT
/*C130*/SET SCHEMA PUBLIC
CONNECT USER SA
DISCONNECT
/*C131*/SET SCHEMA PUBLIC
CONNECT USER SA
DISCONNECT
/*C132*/SET SCHEMA PUBLIC
CONNECT USER SA
DISCONNECT
/*C133*/SET SCHEMA PUBLIC
CONNECT USER SA
DISCONNECT
/*C134*/SET SCHEMA PUBLIC
CONNECT USER SA
DISCONNECT
/*C135*/SET SCHEMA PUBLIC
CONNECT USER SA
DISCONNECT
/*C136*/SET SCHEMA PUBLIC
CONNECT USER SA
DISCONNECT
/*C137*/SET SCHEMA PUBLIC
CONNECT USER SA
DISCONNECT
/*C138*/SET SCHEMA PUBLIC
CONNECT USER SA
DISCONNECT
/*C139*/SET SCHEMA PUBLIC
CONNECT USER SA
DISCONNECT
/*C140*/SET SCHEMA PUBLIC
CONNECT USER SA
DISCONNECT
/*C141*/SET SCHEMA PUBLIC
CONNECT USER SA
DISCONNECT
/*C142*/SET SCHEMA PUBLIC
CONNECT USER SA
DISCONNECT
/*C143*/SET SCHEMA PUBLIC
CONNECT USER SA
INSERT INTO VISITA VALUES('','1111','12345678A','0001','')
DISCONNECT
/*C144*/SET SCHEMA PUBLIC
CONNECT USER SA
DISCONNECT
/*C145*/SET SCHEMA PUBLIC
CONNECT USER SA
DISCONNECT
/*C146*/SET SCHEMA PUBLIC
CONNECT USER SA
DISCONNECT
/*C147*/SET SCHEMA PUBLIC
CONNECT USER SA
DISCONNECT
/*C148*/SET SCHEMA PUBLIC
CONNECT USER SA
DISCONNECT
/*C149*/SET SCHEMA PUBLIC
CONNECT USER SA
DISCONNECT
/*C150*/SET SCHEMA PUBLIC
CONNECT USER SA
DISCONNECT
/*C151*/SET SCHEMA PUBLIC
CONNECT USER SA
DISCONNECT
/*C152*/SET SCHEMA PUBLIC
CONNECT USER SA
DISCONNECT
/*C153*/SET SCHEMA PUBLIC
CONNECT USER SA
DISCONNECT
/*C154*/SET SCHEMA PUBLIC
CONNECT USER SA
DISCONNECT
/*C155*/SET SCHEMA PUBLIC
CONNECT USER SA
DISCONNECT
/*C156*/SET SCHEMA PUBLIC
CONNECT USER SA
DISCONNECT
/*C157*/SET SCHEMA PUBLIC
CONNECT USER SA
DISCONNECT
/*C158*/SET SCHEMA PUBLIC
CONNECT USER SA
DISCONNECT
/*C159*/SET SCHEMA PUBLIC
CONNECT USER SA
DISCONNECT
/*C160*/SET SCHEMA PUBLIC
CONNECT USER SA
DISCONNECT
/*C161*/SET SCHEMA PUBLIC
CONNECT USER SA
DISCONNECT
/*C162*/SET SCHEMA PUBLIC
CONNECT USER SA
DISCONNECT
/*C163*/SET SCHEMA PUBLIC
CONNECT USER SA
DISCONNECT
/*C164*/SET SCHEMA PUBLIC
CONNECT USER SA
DISCONNECT
/*C165*/SET SCHEMA PUBLIC
CONNECT USER SA
DISCONNECT
/*C166*/SET SCHEMA PUBLIC
CONNECT USER SA
DISCONNECT
/*C167*/SET SCHEMA PUBLIC
CONNECT USER SA
DISCONNECT
/*C168*/SET SCHEMA PUBLIC
CONNECT USER SA
DISCONNECT
/*C169*/SET SCHEMA PUBLIC
CONNECT USER SA
DISCONNECT
/*C170*/SET SCHEMA PUBLIC
CONNECT USER SA
DISCONNECT
/*C171*/SET SCHEMA PUBLIC
CONNECT USER SA
DISCONNECT
/*C172*/SET SCHEMA PUBLIC
CONNECT USER SA
DISCONNECT
/*C173*/SET SCHEMA PUBLIC
CONNECT USER SA
DISCONNECT
/*C174*/SET SCHEMA PUBLIC
CONNECT USER SA
DISCONNECT
/*C175*/SET SCHEMA PUBLIC
CONNECT USER SA
DISCONNECT
/*C176*/SET SCHEMA PUBLIC
CONNECT USER SA
DISCONNECT
/*C177*/SET SCHEMA PUBLIC
CONNECT USER SA
DISCONNECT
/*C178*/SET SCHEMA PUBLIC
CONNECT USER SA
DISCONNECT
/*C179*/SET SCHEMA PUBLIC
CONNECT USER SA
DISCONNECT
/*C180*/SET SCHEMA PUBLIC
CONNECT USER SA
DISCONNECT
/*C181*/SET SCHEMA PUBLIC
CONNECT USER SA
DISCONNECT
/*C182*/SET SCHEMA PUBLIC
CONNECT USER SA
DISCONNECT
/*C183*/SET SCHEMA PUBLIC
CONNECT USER SA
DISCONNECT
/*C184*/SET SCHEMA PUBLIC
CONNECT USER SA
DISCONNECT
/*C185*/SET SCHEMA PUBLIC
CONNECT USER SA
DISCONNECT
/*C186*/SET SCHEMA PUBLIC
CONNECT USER SA
DISCONNECT
/*C187*/SET SCHEMA PUBLIC
CONNECT USER SA
DISCONNECT
/*C188*/SET SCHEMA PUBLIC
CONNECT USER SA
DISCONNECT
/*C189*/SET SCHEMA PUBLIC
CONNECT USER SA
DISCONNECT
/*C190*/SET SCHEMA PUBLIC
CONNECT USER SA
INSERT INTO VISITA VALUES('','1111','12345678A','0001','1')
DISCONNECT
/*C191*/SET SCHEMA PUBLIC
CONNECT USER SA
DISCONNECT
/*C192*/SET SCHEMA PUBLIC
CONNECT USER SA
DISCONNECT
/*C193*/SET SCHEMA PUBLIC
CONNECT USER SA
DISCONNECT
/*C194*/SET SCHEMA PUBLIC
CONNECT USER SA
DISCONNECT
/*C195*/SET SCHEMA PUBLIC
CONNECT USER SA
DISCONNECT
/*C196*/SET SCHEMA PUBLIC
CONNECT USER SA
DISCONNECT
/*C197*/SET SCHEMA PUBLIC
CONNECT USER SA
DISCONNECT
/*C198*/SET SCHEMA PUBLIC
CONNECT USER SA
DISCONNECT
/*C199*/SET SCHEMA PUBLIC
CONNECT USER SA
DISCONNECT
/*C200*/SET SCHEMA PUBLIC
CONNECT USER SA
DISCONNECT
/*C201*/SET SCHEMA PUBLIC
CONNECT USER SA
DISCONNECT
/*C202*/SET SCHEMA PUBLIC
CONNECT USER SA
DISCONNECT
/*C203*/SET SCHEMA PUBLIC
CONNECT USER SA
DISCONNECT
/*C204*/SET SCHEMA PUBLIC
CONNECT USER SA
DISCONNECT
/*C205*/SET SCHEMA PUBLIC
CONNECT USER SA
DISCONNECT
/*C206*/SET SCHEMA PUBLIC
CONNECT USER SA
DISCONNECT
/*C207*/SET SCHEMA PUBLIC
CONNECT USER SA
DISCONNECT
/*C208*/SET SCHEMA PUBLIC
CONNECT USER SA
DISCONNECT
/*C209*/SET SCHEMA PUBLIC
CONNECT USER SA
DISCONNECT
/*C210*/SET SCHEMA PUBLIC
CONNECT USER SA
DISCONNECT
/*C211*/SET SCHEMA PUBLIC
CONNECT USER SA
DISCONNECT
/*C212*/SET SCHEMA PUBLIC
CONNECT USER SA
DISCONNECT
/*C213*/SET SCHEMA PUBLIC
CONNECT USER SA
DISCONNECT
/*C214*/SET SCHEMA PUBLIC
CONNECT USER SA
DISCONNECT
/*C215*/SET SCHEMA PUBLIC
CONNECT USER SA
DISCONNECT
/*C216*/SET SCHEMA PUBLIC
CONNECT USER SA
DISCONNECT
/*C217*/SET SCHEMA PUBLIC
CONNECT USER SA
DISCONNECT
/*C218*/SET SCHEMA PUBLIC
CONNECT USER SA
DISCONNECT
/*C219*/SET SCHEMA PUBLIC
CONNECT USER SA
DISCONNECT
/*C220*/SET SCHEMA PUBLIC
CONNECT USER SA
DISCONNECT
/*C221*/SET SCHEMA PUBLIC
CONNECT USER SA
DISCONNECT
/*C222*/SET SCHEMA PUBLIC
CONNECT USER SA
DISCONNECT
/*C223*/SET SCHEMA PUBLIC
CONNECT USER SA
DISCONNECT
/*C224*/SET SCHEMA PUBLIC
CONNECT USER SA
DISCONNECT
/*C225*/SET SCHEMA PUBLIC
CONNECT USER SA
DISCONNECT
/*C226*/SET SCHEMA PUBLIC
CONNECT USER SA
DISCONNECT
/*C227*/SET SCHEMA PUBLIC
CONNECT USER SA
DISCONNECT
/*C228*/SET SCHEMA PUBLIC
CONNECT USER SA
DISCONNECT
/*C229*/SET SCHEMA PUBLIC
CONNECT USER SA
DISCONNECT
/*C230*/SET SCHEMA PUBLIC
CONNECT USER SA
DISCONNECT
/*C231*/SET SCHEMA PUBLIC
CONNECT USER SA
DISCONNECT
/*C232*/SET SCHEMA PUBLIC
CONNECT USER SA
DISCONNECT
/*C233*/SET SCHEMA PUBLIC
CONNECT USER SA
DISCONNECT
/*C234*/SET SCHEMA PUBLIC
CONNECT USER SA
DELETE FROM VISITA WHERE COD_VISITA=''
DISCONNECT
/*C235*/SET SCHEMA PUBLIC
CONNECT USER SA
DISCONNECT
/*C236*/SET SCHEMA PUBLIC
CONNECT USER SA
DISCONNECT
/*C237*/SET SCHEMA PUBLIC
CONNECT USER SA
DISCONNECT
/*C238*/SET SCHEMA PUBLIC
CONNECT USER SA
DISCONNECT
/*C239*/SET SCHEMA PUBLIC
CONNECT USER SA
DISCONNECT
/*C240*/SET SCHEMA PUBLIC
CONNECT USER SA
DISCONNECT
/*C241*/SET SCHEMA PUBLIC
CONNECT USER SA
DISCONNECT
/*C242*/SET SCHEMA PUBLIC
CONNECT USER SA
DISCONNECT
/*C243*/SET SCHEMA PUBLIC
CONNECT USER SA
DISCONNECT
/*C244*/SET SCHEMA PUBLIC
CONNECT USER SA
DISCONNECT
/*C245*/SET SCHEMA PUBLIC
CONNECT USER SA
DISCONNECT
/*C246*/SET SCHEMA PUBLIC
CONNECT USER SA
DISCONNECT
/*C247*/SET SCHEMA PUBLIC
CONNECT USER SA
DISCONNECT
/*C248*/SET SCHEMA PUBLIC
CONNECT USER SA
DISCONNECT
/*C249*/SET SCHEMA PUBLIC
CONNECT USER SA
DISCONNECT
/*C250*/SET SCHEMA PUBLIC
CONNECT USER SA
INSERT INTO VISITA VALUES('','1111','12345678A','0001','')
DISCONNECT
/*C251*/SET SCHEMA PUBLIC
CONNECT USER SA
DISCONNECT
/*C252*/SET SCHEMA PUBLIC
CONNECT USER SA
DISCONNECT
/*C253*/SET SCHEMA PUBLIC
CONNECT USER SA
DISCONNECT
/*C254*/SET SCHEMA PUBLIC
CONNECT USER SA
DISCONNECT
/*C255*/SET SCHEMA PUBLIC
CONNECT USER SA
DISCONNECT
/*C256*/SET SCHEMA PUBLIC
CONNECT USER SA
DISCONNECT
/*C257*/SET SCHEMA PUBLIC
CONNECT USER SA
DISCONNECT
/*C258*/SET SCHEMA PUBLIC
CONNECT USER SA
DISCONNECT
/*C259*/SET SCHEMA PUBLIC
CONNECT USER SA
DISCONNECT
/*C260*/SET SCHEMA PUBLIC
CONNECT USER SA
DISCONNECT
/*C261*/SET SCHEMA PUBLIC
CONNECT USER SA
DISCONNECT
/*C262*/SET SCHEMA PUBLIC
CONNECT USER SA
DISCONNECT
/*C263*/SET SCHEMA PUBLIC
CONNECT USER SA
DISCONNECT
/*C264*/SET SCHEMA PUBLIC
CONNECT USER SA
DISCONNECT
/*C265*/SET SCHEMA PUBLIC
CONNECT USER SA
DISCONNECT
/*C266*/SET SCHEMA PUBLIC
CONNECT USER SA
DISCONNECT
/*C267*/SET SCHEMA PUBLIC
CONNECT USER SA
DISCONNECT
/*C268*/SET SCHEMA PUBLIC
CONNECT USER SA
DISCONNECT
/*C269*/SET SCHEMA PUBLIC
CONNECT USER SA
DISCONNECT
/*C270*/SET SCHEMA PUBLIC
CONNECT USER SA
DISCONNECT
/*C271*/SET SCHEMA PUBLIC
CONNECT USER SA
DISCONNECT
/*C272*/SET SCHEMA PUBLIC
CONNECT USER SA
DISCONNECT
/*C273*/SET SCHEMA PUBLIC
CONNECT USER SA
DISCONNECT
/*C274*/SET SCHEMA PUBLIC
CONNECT USER SA
DISCONNECT
/*C275*/SET SCHEMA PUBLIC
CONNECT USER SA
DISCONNECT
/*C276*/SET SCHEMA PUBLIC
CONNECT USER SA
DISCONNECT
/*C277*/SET SCHEMA PUBLIC
CONNECT USER SA
DISCONNECT
/*C278*/SET SCHEMA PUBLIC
CONNECT USER SA
DISCONNECT
/*C279*/SET SCHEMA PUBLIC
CONNECT USER SA
DISCONNECT
/*C280*/SET SCHEMA PUBLIC
CONNECT USER SA
DISCONNECT
/*C281*/SET SCHEMA PUBLIC
CONNECT USER SA
DISCONNECT
/*C282*/SET SCHEMA PUBLIC
CONNECT USER SA
DISCONNECT
/*C283*/SET SCHEMA PUBLIC
CONNECT USER SA
DISCONNECT
/*C284*/SET SCHEMA PUBLIC
CONNECT USER SA
DISCONNECT
/*C285*/SET SCHEMA PUBLIC
CONNECT USER SA
DISCONNECT
/*C286*/SET SCHEMA PUBLIC
CONNECT USER SA
DISCONNECT
/*C287*/SET SCHEMA PUBLIC
CONNECT USER SA
DISCONNECT
/*C288*/SET SCHEMA PUBLIC
CONNECT USER SA
DISCONNECT
/*C289*/SET SCHEMA PUBLIC
CONNECT USER SA
DISCONNECT
/*C290*/SET SCHEMA PUBLIC
CONNECT USER SA
DISCONNECT
/*C291*/SET SCHEMA PUBLIC
CONNECT USER SA
DISCONNECT
/*C292*/SET SCHEMA PUBLIC
CONNECT USER SA
DISCONNECT
/*C293*/SET SCHEMA PUBLIC
CONNECT USER SA
DISCONNECT
/*C294*/SET SCHEMA PUBLIC
CONNECT USER SA
DISCONNECT
/*C295*/SET SCHEMA PUBLIC
CONNECT USER SA
DISCONNECT
/*C296*/SET SCHEMA PUBLIC
CONNECT USER SA
DISCONNECT
/*C297*/SET SCHEMA PUBLIC
CONNECT USER SA
DISCONNECT
/*C298*/SET SCHEMA PUBLIC
CONNECT USER SA
DISCONNECT
/*C299*/SET SCHEMA PUBLIC
CONNECT USER SA
DISCONNECT
/*C300*/SET SCHEMA PUBLIC
CONNECT USER SA
DISCONNECT
/*C301*/SET SCHEMA PUBLIC
CONNECT USER SA
DISCONNECT
/*C302*/SET SCHEMA PUBLIC
CONNECT USER SA
DISCONNECT
/*C303*/SET SCHEMA PUBLIC
CONNECT USER SA
DISCONNECT
/*C304*/SET SCHEMA PUBLIC
CONNECT USER SA
DISCONNECT
/*C305*/SET SCHEMA PUBLIC
CONNECT USER SA
DISCONNECT
/*C306*/SET SCHEMA PUBLIC
CONNECT USER SA
DISCONNECT
/*C307*/SET SCHEMA PUBLIC
CONNECT USER SA
DISCONNECT
/*C308*/SET SCHEMA PUBLIC
CONNECT USER SA
DISCONNECT
/*C309*/SET SCHEMA PUBLIC
CONNECT USER SA
DISCONNECT
/*C310*/SET SCHEMA PUBLIC
CONNECT USER SA
DISCONNECT
/*C311*/SET SCHEMA PUBLIC
CONNECT USER SA
DISCONNECT
/*C312*/SET SCHEMA PUBLIC
CONNECT USER SA
DISCONNECT
/*C313*/SET SCHEMA PUBLIC
CONNECT USER SA
DISCONNECT
/*C314*/SET SCHEMA PUBLIC
CONNECT USER SA
DISCONNECT
/*C315*/SET SCHEMA PUBLIC
CONNECT USER SA
DISCONNECT
/*C316*/SET SCHEMA PUBLIC
CONNECT USER SA
DISCONNECT
/*C317*/SET SCHEMA PUBLIC
CONNECT USER SA
DISCONNECT
/*C318*/SET SCHEMA PUBLIC
CONNECT USER SA
DISCONNECT
/*C319*/SET SCHEMA PUBLIC
CONNECT USER SA
DISCONNECT
/*C320*/SET SCHEMA PUBLIC
CONNECT USER SA
DISCONNECT
/*C321*/SET SCHEMA PUBLIC
CONNECT USER SA
DISCONNECT
/*C322*/SET SCHEMA PUBLIC
CONNECT USER SA
DISCONNECT
/*C323*/SET SCHEMA PUBLIC
CONNECT USER SA
DISCONNECT
/*C324*/SET SCHEMA PUBLIC
CONNECT USER SA
DISCONNECT
/*C325*/SET SCHEMA PUBLIC
CONNECT USER SA
DISCONNECT
/*C326*/SET SCHEMA PUBLIC
CONNECT USER SA
DISCONNECT
/*C327*/SET SCHEMA PUBLIC
CONNECT USER SA
DISCONNECT
/*C328*/SET SCHEMA PUBLIC
CONNECT USER SA
DISCONNECT
/*C329*/SET SCHEMA PUBLIC
CONNECT USER SA
DISCONNECT
/*C330*/SET SCHEMA PUBLIC
CONNECT USER SA
DISCONNECT
/*C331*/SET SCHEMA PUBLIC
CONNECT USER SA
DISCONNECT
/*C332*/SET SCHEMA PUBLIC
CONNECT USER SA
DISCONNECT
/*C333*/SET SCHEMA PUBLIC
CONNECT USER SA
DISCONNECT
/*C334*/SET SCHEMA PUBLIC
CONNECT USER SA
DISCONNECT
/*C335*/SET SCHEMA PUBLIC
CONNECT USER SA
DISCONNECT
/*C336*/SET SCHEMA PUBLIC
CONNECT USER SA
DISCONNECT
/*C337*/SET SCHEMA PUBLIC
CONNECT USER SA
DISCONNECT
/*C338*/SET SCHEMA PUBLIC
CONNECT USER SA
DISCONNECT
/*C339*/SET SCHEMA PUBLIC
CONNECT USER SA
DISCONNECT
/*C340*/SET SCHEMA PUBLIC
CONNECT USER SA
DISCONNECT
/*C341*/SET SCHEMA PUBLIC
CONNECT USER SA
DISCONNECT
/*C342*/SET SCHEMA PUBLIC
CONNECT USER SA
DISCONNECT
/*C343*/SET SCHEMA PUBLIC
CONNECT USER SA
DISCONNECT
/*C344*/SET SCHEMA PUBLIC
CONNECT USER SA
DISCONNECT
/*C345*/SET SCHEMA PUBLIC
CONNECT USER SA
DISCONNECT
/*C346*/SET SCHEMA PUBLIC
CONNECT USER SA
DISCONNECT
/*C347*/SET SCHEMA PUBLIC
CONNECT USER SA
DISCONNECT
/*C348*/SET SCHEMA PUBLIC
CONNECT USER SA
DISCONNECT
/*C349*/SET SCHEMA PUBLIC
CONNECT USER SA
DISCONNECT
/*C350*/SET SCHEMA PUBLIC
CONNECT USER SA
DISCONNECT
/*C351*/SET SCHEMA PUBLIC
CONNECT USER SA
DISCONNECT
/*C352*/SET SCHEMA PUBLIC
CONNECT USER SA
DISCONNECT
/*C353*/SET SCHEMA PUBLIC
CONNECT USER SA
DISCONNECT
/*C354*/SET SCHEMA PUBLIC
CONNECT USER SA
DISCONNECT
/*C355*/SET SCHEMA PUBLIC
CONNECT USER SA
DISCONNECT
/*C356*/SET SCHEMA PUBLIC
CONNECT USER SA
DISCONNECT
/*C357*/SET SCHEMA PUBLIC
CONNECT USER SA
DISCONNECT
/*C358*/SET SCHEMA PUBLIC
CONNECT USER SA
DISCONNECT
/*C359*/SET SCHEMA PUBLIC
CONNECT USER SA
DISCONNECT
/*C360*/SET SCHEMA PUBLIC
CONNECT USER SA
DISCONNECT
/*C361*/SET SCHEMA PUBLIC
CONNECT USER SA
DISCONNECT
/*C362*/SET SCHEMA PUBLIC
CONNECT USER SA
DISCONNECT
/*C363*/SET SCHEMA PUBLIC
CONNECT USER SA
DISCONNECT
/*C364*/SET SCHEMA PUBLIC
CONNECT USER SA
DISCONNECT
/*C365*/SET SCHEMA PUBLIC
CONNECT USER SA
DISCONNECT
/*C366*/SET SCHEMA PUBLIC
CONNECT USER SA
DISCONNECT
/*C367*/SET SCHEMA PUBLIC
CONNECT USER SA
DISCONNECT
/*C368*/SET SCHEMA PUBLIC
CONNECT USER SA
DISCONNECT
/*C369*/SET SCHEMA PUBLIC
CONNECT USER SA
DISCONNECT
/*C370*/SET SCHEMA PUBLIC
CONNECT USER SA
DISCONNECT
/*C371*/SET SCHEMA PUBLIC
CONNECT USER SA
DISCONNECT
/*C372*/SET SCHEMA PUBLIC
CONNECT USER SA
DISCONNECT
/*C373*/SET SCHEMA PUBLIC
CONNECT USER SA
DISCONNECT
/*C374*/SET SCHEMA PUBLIC
CONNECT USER SA
DISCONNECT
/*C375*/SET SCHEMA PUBLIC
CONNECT USER SA
DISCONNECT
/*C376*/SET SCHEMA PUBLIC
CONNECT USER SA
DISCONNECT
/*C377*/SET SCHEMA PUBLIC
CONNECT USER SA
DISCONNECT
/*C378*/SET SCHEMA PUBLIC
CONNECT USER SA
DISCONNECT
/*C379*/SET SCHEMA PUBLIC
CONNECT USER SA
DISCONNECT
/*C380*/SET SCHEMA PUBLIC
CONNECT USER SA
DISCONNECT
/*C381*/SET SCHEMA PUBLIC
CONNECT USER SA
DISCONNECT
/*C382*/SET SCHEMA PUBLIC
CONNECT USER SA
DISCONNECT
/*C383*/SET SCHEMA PUBLIC
CONNECT USER SA
DISCONNECT
/*C384*/SET SCHEMA PUBLIC
CONNECT USER SA
DISCONNECT
/*C385*/SET SCHEMA PUBLIC
CONNECT USER SA
DISCONNECT
/*C386*/SET SCHEMA PUBLIC
CONNECT USER SA
DISCONNECT
/*C387*/SET SCHEMA PUBLIC
CONNECT USER SA
DISCONNECT
/*C388*/SET SCHEMA PUBLIC
CONNECT USER SA
DISCONNECT
/*C389*/SET SCHEMA PUBLIC
CONNECT USER SA
DISCONNECT
/*C390*/SET SCHEMA PUBLIC
CONNECT USER SA
DISCONNECT
/*C391*/SET SCHEMA PUBLIC
CONNECT USER SA
DISCONNECT
/*C392*/SET SCHEMA PUBLIC
CONNECT USER SA
DISCONNECT
/*C393*/SET SCHEMA PUBLIC
CONNECT USER SA
DISCONNECT
/*C394*/SET SCHEMA PUBLIC
CONNECT USER SA
DISCONNECT
/*C395*/SET SCHEMA PUBLIC
CONNECT USER SA
DISCONNECT
/*C396*/SET SCHEMA PUBLIC
CONNECT USER SA
DISCONNECT
/*C397*/SET SCHEMA PUBLIC
CONNECT USER SA
DISCONNECT
/*C398*/SET SCHEMA PUBLIC
CONNECT USER SA
DISCONNECT
/*C399*/SET SCHEMA PUBLIC
CONNECT USER SA
DISCONNECT
/*C400*/SET SCHEMA PUBLIC
CONNECT USER SA
DISCONNECT
/*C401*/SET SCHEMA PUBLIC
CONNECT USER SA
DISCONNECT
/*C402*/SET SCHEMA PUBLIC
CONNECT USER SA
DISCONNECT
/*C403*/SET SCHEMA PUBLIC
CONNECT USER SA
DISCONNECT
/*C404*/SET SCHEMA PUBLIC
CONNECT USER SA
DISCONNECT
/*C405*/SET SCHEMA PUBLIC
CONNECT USER SA
DISCONNECT
/*C406*/SET SCHEMA PUBLIC
CONNECT USER SA
DISCONNECT
/*C407*/SET SCHEMA PUBLIC
CONNECT USER SA
DISCONNECT
/*C408*/SET SCHEMA PUBLIC
CONNECT USER SA
DISCONNECT
/*C409*/SET SCHEMA PUBLIC
CONNECT USER SA
DISCONNECT
/*C410*/SET SCHEMA PUBLIC
CONNECT USER SA
DISCONNECT
/*C411*/SET SCHEMA PUBLIC
CONNECT USER SA
DISCONNECT
/*C412*/SET SCHEMA PUBLIC
CONNECT USER SA
DISCONNECT
/*C413*/SET SCHEMA PUBLIC
CONNECT USER SA
DISCONNECT
/*C414*/SET SCHEMA PUBLIC
CONNECT USER SA
DISCONNECT
/*C415*/SET SCHEMA PUBLIC
CONNECT USER SA
DISCONNECT
/*C416*/SET SCHEMA PUBLIC
CONNECT USER SA
DISCONNECT
/*C417*/SET SCHEMA PUBLIC
CONNECT USER SA
DISCONNECT
/*C418*/SET SCHEMA PUBLIC
CONNECT USER SA
DISCONNECT
/*C419*/SET SCHEMA PUBLIC
CONNECT USER SA
DISCONNECT
/*C420*/SET SCHEMA PUBLIC
CONNECT USER SA
DISCONNECT
/*C421*/SET SCHEMA PUBLIC
CONNECT USER SA
DISCONNECT
/*C422*/SET SCHEMA PUBLIC
CONNECT USER SA
DISCONNECT
/*C423*/SET SCHEMA PUBLIC
CONNECT USER SA
DISCONNECT
/*C424*/SET SCHEMA PUBLIC
CONNECT USER SA
DISCONNECT
/*C425*/SET SCHEMA PUBLIC
CONNECT USER SA
DISCONNECT
/*C426*/SET SCHEMA PUBLIC
CONNECT USER SA
DISCONNECT
/*C427*/SET SCHEMA PUBLIC
CONNECT USER SA
DISCONNECT
/*C428*/SET SCHEMA PUBLIC
CONNECT USER SA
DISCONNECT
/*C429*/SET SCHEMA PUBLIC
CONNECT USER SA
DISCONNECT
/*C430*/SET SCHEMA PUBLIC
CONNECT USER SA
DISCONNECT
/*C431*/SET SCHEMA PUBLIC
CONNECT USER SA
DISCONNECT
/*C432*/SET SCHEMA PUBLIC
CONNECT USER SA
DISCONNECT
/*C433*/SET SCHEMA PUBLIC
CONNECT USER SA
DISCONNECT
/*C434*/SET SCHEMA PUBLIC
CONNECT USER SA
DISCONNECT
/*C435*/SET SCHEMA PUBLIC
CONNECT USER SA
DISCONNECT
/*C436*/SET SCHEMA PUBLIC
CONNECT USER SA
DISCONNECT
/*C437*/SET SCHEMA PUBLIC
CONNECT USER SA
DISCONNECT
/*C438*/SET SCHEMA PUBLIC
CONNECT USER SA
DISCONNECT
/*C439*/SET SCHEMA PUBLIC
CONNECT USER SA
DISCONNECT
/*C440*/SET SCHEMA PUBLIC
CONNECT USER SA
DISCONNECT
/*C441*/SET SCHEMA PUBLIC
CONNECT USER SA
DISCONNECT
/*C442*/SET SCHEMA PUBLIC
CONNECT USER SA
DISCONNECT
/*C443*/SET SCHEMA PUBLIC
CONNECT USER SA
DISCONNECT
/*C444*/SET SCHEMA PUBLIC
CONNECT USER SA
DISCONNECT
/*C445*/SET SCHEMA PUBLIC
CONNECT USER SA
DISCONNECT
/*C446*/SET SCHEMA PUBLIC
CONNECT USER SA
DISCONNECT
/*C447*/SET SCHEMA PUBLIC
CONNECT USER SA
DISCONNECT
/*C448*/SET SCHEMA PUBLIC
CONNECT USER SA
DISCONNECT
/*C449*/SET SCHEMA PUBLIC
CONNECT USER SA
DISCONNECT
/*C450*/SET SCHEMA PUBLIC
CONNECT USER SA
DISCONNECT
/*C451*/SET SCHEMA PUBLIC
CONNECT USER SA
DISCONNECT
/*C452*/SET SCHEMA PUBLIC
CONNECT USER SA
DISCONNECT
/*C453*/SET SCHEMA PUBLIC
CONNECT USER SA
DISCONNECT
/*C454*/SET SCHEMA PUBLIC
CONNECT USER SA
DISCONNECT
/*C455*/SET SCHEMA PUBLIC
CONNECT USER SA
DISCONNECT
/*C456*/SET SCHEMA PUBLIC
CONNECT USER SA
DISCONNECT
/*C457*/SET SCHEMA PUBLIC
CONNECT USER SA
DISCONNECT
/*C458*/SET SCHEMA PUBLIC
CONNECT USER SA
DISCONNECT
/*C459*/SET SCHEMA PUBLIC
CONNECT USER SA
DISCONNECT
/*C460*/SET SCHEMA PUBLIC
CONNECT USER SA
DISCONNECT
/*C461*/SET SCHEMA PUBLIC
CONNECT USER SA
DISCONNECT
/*C462*/SET SCHEMA PUBLIC
CONNECT USER SA
DISCONNECT
/*C463*/SET SCHEMA PUBLIC
CONNECT USER SA
DISCONNECT
/*C464*/SET SCHEMA PUBLIC
CONNECT USER SA
DISCONNECT
/*C465*/SET SCHEMA PUBLIC
CONNECT USER SA
DISCONNECT
/*C466*/SET SCHEMA PUBLIC
CONNECT USER SA
DISCONNECT
/*C467*/SET SCHEMA PUBLIC
CONNECT USER SA
DISCONNECT
/*C468*/SET SCHEMA PUBLIC
CONNECT USER SA
DISCONNECT
/*C469*/SET SCHEMA PUBLIC
CONNECT USER SA
DISCONNECT
/*C470*/SET SCHEMA PUBLIC
CONNECT USER SA
DISCONNECT
/*C471*/SET SCHEMA PUBLIC
CONNECT USER SA
DISCONNECT
/*C472*/SET SCHEMA PUBLIC
CONNECT USER SA
DISCONNECT
/*C473*/SET SCHEMA PUBLIC
CONNECT USER SA
DISCONNECT
/*C474*/SET SCHEMA PUBLIC
CONNECT USER SA
DISCONNECT
/*C475*/SET SCHEMA PUBLIC
CONNECT USER SA
DISCONNECT
/*C476*/SET SCHEMA PUBLIC
CONNECT USER SA
DISCONNECT
/*C477*/SET SCHEMA PUBLIC
CONNECT USER SA
DISCONNECT
/*C478*/SET SCHEMA PUBLIC
CONNECT USER SA
DISCONNECT
/*C479*/SET SCHEMA PUBLIC
CONNECT USER SA
DISCONNECT
/*C480*/SET SCHEMA PUBLIC
CONNECT USER SA
DISCONNECT
/*C481*/SET SCHEMA PUBLIC
CONNECT USER SA
DISCONNECT
/*C482*/SET SCHEMA PUBLIC
CONNECT USER SA
DISCONNECT
/*C483*/SET SCHEMA PUBLIC
CONNECT USER SA
DISCONNECT
/*C484*/SET SCHEMA PUBLIC
CONNECT USER SA
DISCONNECT
/*C485*/SET SCHEMA PUBLIC
CONNECT USER SA
DISCONNECT
/*C486*/SET SCHEMA PUBLIC
CONNECT USER SA
DISCONNECT
/*C487*/SET SCHEMA PUBLIC
CONNECT USER SA
DISCONNECT
/*C488*/SET SCHEMA PUBLIC
CONNECT USER SA
DISCONNECT
/*C489*/SET SCHEMA PUBLIC
CONNECT USER SA
DISCONNECT
/*C490*/SET SCHEMA PUBLIC
CONNECT USER SA
DISCONNECT
/*C491*/SET SCHEMA PUBLIC
CONNECT USER SA
DISCONNECT
/*C492*/SET SCHEMA PUBLIC
CONNECT USER SA
DISCONNECT
/*C493*/SET SCHEMA PUBLIC
CONNECT USER SA
DISCONNECT
/*C494*/SET SCHEMA PUBLIC
CONNECT USER SA
DISCONNECT
/*C495*/SET SCHEMA PUBLIC
CONNECT USER SA
DISCONNECT
/*C496*/SET SCHEMA PUBLIC
CONNECT USER SA
DISCONNECT
/*C497*/SET SCHEMA PUBLIC
CONNECT USER SA
DISCONNECT
/*C498*/SET SCHEMA PUBLIC
CONNECT USER SA
DISCONNECT
/*C499*/SET SCHEMA PUBLIC
CONNECT USER SA
DISCONNECT
/*C500*/SET SCHEMA PUBLIC
CONNECT USER SA
DISCONNECT
/*C501*/SET SCHEMA PUBLIC
CONNECT USER SA
DISCONNECT
/*C502*/SET SCHEMA PUBLIC
CONNECT USER SA
DISCONNECT
/*C503*/SET SCHEMA PUBLIC
CONNECT USER SA
DISCONNECT
/*C504*/SET SCHEMA PUBLIC
CONNECT USER SA
DISCONNECT
/*C505*/SET SCHEMA PUBLIC
CONNECT USER SA
DISCONNECT
/*C506*/SET SCHEMA PUBLIC
CONNECT USER SA
DISCONNECT
/*C507*/SET SCHEMA PUBLIC
CONNECT USER SA
DISCONNECT
/*C508*/SET SCHEMA PUBLIC
CONNECT USER SA
DISCONNECT
/*C509*/SET SCHEMA PUBLIC
CONNECT USER SA
DISCONNECT
/*C510*/SET SCHEMA PUBLIC
CONNECT USER SA
DISCONNECT
/*C511*/SET SCHEMA PUBLIC
CONNECT USER SA
DISCONNECT
/*C512*/SET SCHEMA PUBLIC
CONNECT USER SA
DISCONNECT
/*C513*/SET SCHEMA PUBLIC
CONNECT USER SA
DISCONNECT
/*C514*/SET SCHEMA PUBLIC
CONNECT USER SA
DISCONNECT
/*C515*/SET SCHEMA PUBLIC
CONNECT USER SA
DISCONNECT
/*C516*/SET SCHEMA PUBLIC
CONNECT USER SA
INSERT INTO INMUEBLE VALUES('1223','C/ Falsa, 123','Falsa','01/01/1999','140','A','0001','12345678A')
DISCONNECT
/*C517*/SET SCHEMA PUBLIC
CONNECT USER SA
INSERT INTO PISO VALUES('1223','3')
DISCONNECT
/*C518*/SET SCHEMA PUBLIC
CONNECT USER SA
DISCONNECT
/*C519*/SET SCHEMA PUBLIC
CONNECT USER SA
DISCONNECT
/*C520*/SET SCHEMA PUBLIC
CONNECT USER SA
DISCONNECT
/*C521*/SET SCHEMA PUBLIC
CONNECT USER SA
DISCONNECT
/*C522*/SET SCHEMA PUBLIC
CONNECT USER SA
DISCONNECT
/*C523*/SET SCHEMA PUBLIC
CONNECT USER SA
DISCONNECT
/*C524*/SET SCHEMA PUBLIC
CONNECT USER SA
DISCONNECT
/*C525*/SET SCHEMA PUBLIC
CONNECT USER SA
DISCONNECT
/*C526*/SET SCHEMA PUBLIC
CONNECT USER SA
DISCONNECT
/*C527*/SET SCHEMA PUBLIC
CONNECT USER SA
DISCONNECT
/*C528*/SET SCHEMA PUBLIC
CONNECT USER SA
DISCONNECT
/*C529*/SET SCHEMA PUBLIC
CONNECT USER SA
DISCONNECT
/*C530*/SET SCHEMA PUBLIC
CONNECT USER SA
DISCONNECT
/*C531*/SET SCHEMA PUBLIC
CONNECT USER SA
DISCONNECT
/*C532*/SET SCHEMA PUBLIC
CONNECT USER SA
DISCONNECT
/*C533*/SET SCHEMA PUBLIC
CONNECT USER SA
DISCONNECT
/*C534*/SET SCHEMA PUBLIC
CONNECT USER SA
DISCONNECT
/*C535*/SET SCHEMA PUBLIC
CONNECT USER SA
DISCONNECT
/*C536*/SET SCHEMA PUBLIC
CONNECT USER SA
DISCONNECT
/*C537*/SET SCHEMA PUBLIC
CONNECT USER SA
DISCONNECT
/*C538*/SET SCHEMA PUBLIC
CONNECT USER SA
DISCONNECT
/*C539*/SET SCHEMA PUBLIC
CONNECT USER SA
DISCONNECT
/*C540*/SET SCHEMA PUBLIC
CONNECT USER SA
DISCONNECT
/*C541*/SET SCHEMA PUBLIC
CONNECT USER SA
DISCONNECT
/*C542*/SET SCHEMA PUBLIC
CONNECT USER SA
DISCONNECT
/*C543*/SET SCHEMA PUBLIC
CONNECT USER SA
INSERT INTO INMUEBLE VALUES('1232','C/ Falsa, 123','Falsa','01/01/2011','200','V','0001','12345678A')
DISCONNECT
/*C544*/SET SCHEMA PUBLIC
CONNECT USER SA
INSERT INTO NAVEINDUSTRIAL VALUES('1232','2','')
DISCONNECT
/*C545*/SET SCHEMA PUBLIC
CONNECT USER SA
DISCONNECT
/*C546*/SET SCHEMA PUBLIC
CONNECT USER SA
DISCONNECT
/*C547*/SET SCHEMA PUBLIC
CONNECT USER SA
DISCONNECT
/*C548*/SET SCHEMA PUBLIC
CONNECT USER SA
DISCONNECT
/*C549*/SET SCHEMA PUBLIC
CONNECT USER SA
DISCONNECT
/*C550*/SET SCHEMA PUBLIC
CONNECT USER SA
DISCONNECT
/*C551*/SET SCHEMA PUBLIC
CONNECT USER SA
DISCONNECT
/*C552*/SET SCHEMA PUBLIC
CONNECT USER SA
DISCONNECT
/*C553*/SET SCHEMA PUBLIC
CONNECT USER SA
DISCONNECT
/*C554*/SET SCHEMA PUBLIC
CONNECT USER SA
DISCONNECT
/*C555*/SET SCHEMA PUBLIC
CONNECT USER SA
DISCONNECT
/*C556*/SET SCHEMA PUBLIC
CONNECT USER SA
DISCONNECT
/*C557*/SET SCHEMA PUBLIC
CONNECT USER SA
DISCONNECT
/*C558*/SET SCHEMA PUBLIC
CONNECT USER SA
DISCONNECT
/*C559*/SET SCHEMA PUBLIC
CONNECT USER SA
DISCONNECT
